  OS07_01.cpp
D:\3k1s\OS\labs\OS_Lab7\OS07_01\OS07_01.cpp(16,2): error C4235: использовано нестандартное расширение: ключевое слово "__asm" данной архитектурой не поддерживается
D:\3k1s\OS\labs\OS_Lab7\OS07_01\OS07_01.cpp(19,3): error C2065: lock: необъявленный идентификатор
D:\3k1s\OS\labs\OS_Lab7\OS07_01\OS07_01.cpp(19,8): error C2146: синтаксическая ошибка: отсутствие ";" перед идентификатором "bts"
D:\3k1s\OS\labs\OS_Lab7\OS07_01\OS07_01.cpp(19,8): error C2065: bts: необъявленный идентификатор
D:\3k1s\OS\labs\OS_Lab7\OS07_01\OS07_01.cpp(19,12): error C2146: синтаксическая ошибка: отсутствие ";" перед идентификатором "check"
D:\3k1s\OS\labs\OS_Lab7\OS07_01\OS07_01.cpp(20,3): error C2065: jc: необъявленный идентификатор
D:\3k1s\OS\labs\OS_Lab7\OS07_01\OS07_01.cpp(20,6): error C2146: синтаксическая ошибка: отсутствие ";" перед идентификатором "CriticalSection"
D:\3k1s\OS\labs\OS_Lab7\OS07_01\OS07_01.cpp(20,6): error C2065: CriticalSection: необъявленный идентификатор
D:\3k1s\OS\labs\OS_Lab7\OS07_01\OS07_01.cpp(21,2): error C2143: синтаксическая ошибка: отсутствие ";" перед "}"
D:\3k1s\OS\labs\OS_Lab7\OS07_01\OS07_01.cpp(25,2): error C4235: использовано нестандартное расширение: ключевое слово "__asm" данной архитектурой не поддерживается
D:\3k1s\OS\labs\OS_Lab7\OS07_01\OS07_01.cpp(25,7): error C2065: lock: необъявленный идентификатор
D:\3k1s\OS\labs\OS_Lab7\OS07_01\OS07_01.cpp(25,12): error C2146: синтаксическая ошибка: отсутствие ";" перед идентификатором "btr"
D:\3k1s\OS\labs\OS_Lab7\OS07_01\OS07_01.cpp(25,12): error C2065: btr: необъявленный идентификатор
D:\3k1s\OS\labs\OS_Lab7\OS07_01\OS07_01.cpp(25,16): error C2146: синтаксическая ошибка: отсутствие ";" перед идентификатором "check"
D:\3k1s\OS\labs\OS_Lab7\OS07_01\OS07_01.cpp(26,1): error C2143: синтаксическая ошибка: отсутствие ";" перед "}"
